<?xml version="1.0" encoding="UTF-8"?>
<testsuite xmlns:xsi="http://www.w3.org/2001/XMLSchema-instance" xsi:noNamespaceSchemaLocation="https://maven.apache.org/surefire/maven-surefire-plugin/xsd/surefire-test-report.xsd" name="group12.ChatBotTest" time="0.052" tests="46" errors="0" skipped="0" failures="0">
  <properties>
[...]
</properties>
  <testcase name="testMessageNumberIsPrivate" classname="group12.ChatBotTest" time="0.011"/>
  <testcase name="testmessageNumberIsInt" classname="group12.ChatBotTest" time="0"/>
  <testcase name="testToStringMethodExists" classname="group12.ChatBotTest" time="0.001"/>
  <testcase name="testGetTotalNumResponsesGeneratedIsPublic" classname="group12.ChatBotTest" time="0"/>
  <testcase name="testGetTotalNumMessagesRemainingIsPublic" classname="group12.ChatBotTest" time="0"/>
  <testcase name="testGetTotalNumResponsesGeneratedIsStatic" classname="group12.ChatBotTest" time="0.001"/>
  <testcase name="testGetTotalNumMessagesRemainingIsStatic" classname="group12.ChatBotTest" time="0.001"/>
  <testcase name="testAttributeChatBotNameExists" classname="group12.ChatBotTest" time="0"/>
  <testcase name="testToStringReturnString" classname="group12.ChatBotTest" time="0.001"/>
  <testcase name="testChatBotClassIsPublic" classname="group12.ChatBotTest" time="0"/>
  <testcase name="testPromptMethodExists" classname="group12.ChatBotTest" time="0"/>
  <testcase name="testGenerateResponseMethodExists" classname="group12.ChatBotTest" time="0"/>
  <testcase name="testGetNumResponsesGeneratedIsPublic" classname="group12.ChatBotTest" time="0.001"/>
  <testcase name="testLimitReachedIsPublic" classname="group12.ChatBotTest" time="0"/>
  <testcase name="testAttributeNumResponsesGeneratedExists" classname="group12.ChatBotTest" time="0"/>
  <testcase name="testLimitReachedIsStatic" classname="group12.ChatBotTest" time="0.002"/>
  <testcase name="testOverloadhatBotConstructorIsPublic" classname="group12.ChatBotTest" time="0"/>
  <testcase name="testPromptReturnString" classname="group12.ChatBotTest" time="0"/>
  <testcase name="testMessageNumberIsStatic" classname="group12.ChatBotTest" time="0"/>
  <testcase name="testGetTotalNumMessagesRemainingReturnInt" classname="group12.ChatBotTest" time="0"/>
  <testcase name="testGenerateResponseReturnString" classname="group12.ChatBotTest" time="0.001"/>
  <testcase name="testGetTotalNumResponsesGeneratedMethodExists" classname="group12.ChatBotTest" time="0"/>
  <testcase name="testOverloadhatBotConstructorExists" classname="group12.ChatBotTest" time="0"/>
  <testcase name="testChatBotNameIsPrivate" classname="group12.ChatBotTest" time="0.001"/>
  <testcase name="testGetChatBotNameIsPublic" classname="group12.ChatBotTest" time="0"/>
  <testcase name="testMessageLimitIsInt" classname="group12.ChatBotTest" time="0"/>
  <testcase name="testDefaultChatBotConstructorIsPublic" classname="group12.ChatBotTest" time="0"/>
  <testcase name="testAttributemessageNumberExists" classname="group12.ChatBotTest" time="0"/>
  <testcase name="testGetNumResponsesGeneratedMethodExists" classname="group12.ChatBotTest" time="0"/>
  <testcase name="testGetNumResponsesGeneratedReturnInt" classname="group12.ChatBotTest" time="0"/>
  <testcase name="testAttributemessageLimitExists" classname="group12.ChatBotTest" time="0"/>
  <testcase name="testGetTotalNumMessagesRemainingMethodExists" classname="group12.ChatBotTest" time="0"/>
  <testcase name="testChatBotNameIsString" classname="group12.ChatBotTest" time="0.001"/>
  <testcase name="testLimitReachedMethodExists" classname="group12.ChatBotTest" time="0"/>
  <testcase name="testToStringIsPublic" classname="group12.ChatBotTest" time="0"/>
  <testcase name="testNumResponsesGeneratedIsPrivate" classname="group12.ChatBotTest" time="0"/>
  <testcase name="testLimitReachedReturnBoolean" classname="group12.ChatBotTest" time="0"/>
  <testcase name="testGenerateResponseIsPublic" classname="group12.ChatBotTest" time="0"/>
  <testcase name="testDefaultChatBotConstructorExists" classname="group12.ChatBotTest" time="0"/>
  <testcase name="testMessageLimitIsStatic" classname="group12.ChatBotTest" time="0.003"/>
  <testcase name="testMessageLimitIsPrivate" classname="group12.ChatBotTest" time="0"/>
  <testcase name="testGetChatBotNameMethodExists" classname="group12.ChatBotTest" time="0.001"/>
  <testcase name="testPromptIsPublic" classname="group12.ChatBotTest" time="0.001"/>
  <testcase name="testNumResponsesGeneratedIsInt" classname="group12.ChatBotTest" time="0"/>
  <testcase name="testGetTotalNumResponsesGeneratedReturnInt" classname="group12.ChatBotTest" time="0.001"/>
  <testcase name="testGetChatBotNameReturnString" classname="group12.ChatBotTest" time="0.002"/>
</testsuite>